\BOOKMARK [0][-]{chapter.1}{Introduction}{}% 1
\BOOKMARK [0][-]{chapter.2}{Methods}{}% 2
\BOOKMARK [1][-]{section.2.1}{Free Energy Calculations}{chapter.2}% 3
\BOOKMARK [2][-]{subsection.2.1.1}{Thermodynamic Integration \(TI\)}{section.2.1}% 4
\BOOKMARK [2][-]{subsection.2.1.2}{Lambda Dynamics \(LD\)}{section.2.1}% 5
\BOOKMARK [2][-]{subsection.2.1.3}{Ball \046 Stick Local Elevation Umbrella Sampling \(B\046S-LEUS\)}{section.2.1}% 6
\BOOKMARK [1][-]{section.2.2}{System}{chapter.2}% 7
\BOOKMARK [1][-]{section.2.3}{Parameters}{chapter.2}% 8
\BOOKMARK [2][-]{subsection.2.3.1}{LD Parameters}{section.2.3}% 9
\BOOKMARK [2][-]{subsection.2.3.2}{B\046S-LEUS Parameters}{section.2.3}% 10
\BOOKMARK [1][-]{section.2.4}{Computational Details}{chapter.2}% 11
\BOOKMARK [0][-]{chapter.3}{Results}{}% 12
\BOOKMARK [1][-]{section.3.1}{Plain LD}{chapter.3}% 13
\BOOKMARK [2][-]{subsection.3.1.1}{ Starting Values}{section.3.1}% 14
\BOOKMARK [2][-]{subsection.3.1.2}{Lambda Mass}{section.3.1}% 15
\BOOKMARK [1][-]{section.3.2}{TI results}{chapter.3}% 16
\BOOKMARK [1][-]{section.3.3}{Free Energy Calculations With B\046S-LEUS}{chapter.3}% 17
\BOOKMARK [2][-]{subsection.3.3.1}{Biasing Potential Centered Around B}{section.3.3}% 18
\BOOKMARK [2][-]{subsection.3.3.2}{Biasing Potential Centered Around A}{section.3.3}% 19
\BOOKMARK [0][-]{chapter.4}{Discussion}{}% 20
